This file contains any messages produced by compilers while
running configure, to aid debugging if configure makes a mistake.

It was created by configure, which was
generated by GNU Autoconf 2.69.  Invocation command line was

  $ ./configure --disable-option-checking --prefix=/usr/local --cache-file=/dev/null --srcdir=.

## --------- ##
## Platform. ##
## --------- ##

hostname = lifebook
uname -m = i686
uname -r = 3.13.1-p4-smp
uname -s = Linux
uname -v = #1 SMP PREEMPT Wed Feb 5 00:08:02 UTC 2014

/usr/bin/uname -p = unknown
/bin/uname -X     = unknown

/bin/arch              = unknown
/usr/bin/arch -k       = unknown
/usr/convex/getsysinfo = unknown
/usr/bin/hostinfo      = unknown
/bin/machine           = unknown
/usr/bin/oslevel       = unknown
/bin/universe          = unknown

PATH: /usr/prebin
PATH: /usr/local/bin
PATH: /usr/bin
PATH: /usr/X11R7/bin
PATH: /bin
PATH: /usr/games/bin
PATH: /opt/git-1.9.rc0/bin


## ----------- ##
## Core tests. ##
## ----------- ##

configure:2144: checking for gcc
configure:2160: found /usr/bin/gcc
configure:2171: result: gcc
configure:2400: checking for C compiler version
configure:2409: gcc --version >&5
gcc (GCC) 4.7.3
Copyright (C) 2012 Free Software Foundation, Inc.
This is free software; see the source for copying conditions.  There is NO
warranty; not even for MERCHANTABILITY or FITNESS FOR A PARTICULAR PURPOSE.

configure:2420: $? = 0
configure:2409: gcc -v >&5
Using built-in specs.
COLLECT_GCC=gcc
COLLECT_LTO_WRAPPER=/usr/libexec/gcc/i486-pc-linux-gnu/4.7.3/lto-wrapper
Target: i486-pc-linux-gnu
Configured with: ../gcc-4.7.3-src/configure --prefix=/usr --sysconfdir=/etc --includedir=/usr/include --localstatedir=/var --mandir=/usr/share/man --infodir=/usr/share/info --enable-languages=c,c++ --host=i486-pc-linux-gnu --build=i486-pc-linux-gnu --target=i486-pc-linux-gnu --enable-bootstrap
Thread model: posix
gcc version 4.7.3 (GCC) 
configure:2420: $? = 0
configure:2409: gcc -V >&5
gcc: error: unrecognized command line option '-V'
gcc: fatal error: no input files
compilation terminated.
configure:2420: $? = 1
configure:2409: gcc -qversion >&5
gcc: error: unrecognized command line option '-qversion'
gcc: fatal error: no input files
compilation terminated.
configure:2420: $? = 1
configure:2440: checking whether the C compiler works
configure:2462: gcc    conftest.c  >&5
configure:2466: $? = 0
configure:2514: result: yes
configure:2517: checking for C compiler default output file name
configure:2519: result: a.out
configure:2525: checking for suffix of executables
configure:2532: gcc -o conftest    conftest.c  >&5
configure:2536: $? = 0
configure:2558: result: 
configure:2580: checking whether we are cross compiling
configure:2588: gcc -o conftest    conftest.c  >&5
configure:2592: $? = 0
configure:2599: ./conftest
configure:2603: $? = 0
configure:2618: result: no
configure:2623: checking for suffix of object files
configure:2645: gcc -c   conftest.c >&5
configure:2649: $? = 0
configure:2670: result: o
configure:2674: checking whether we are using the GNU C compiler
configure:2693: gcc -c   conftest.c >&5
configure:2693: $? = 0
configure:2702: result: yes
configure:2711: checking whether gcc accepts -g
configure:2731: gcc -c -g  conftest.c >&5
configure:2731: $? = 0
configure:2772: result: yes
configure:2789: checking for gcc option to accept ISO C89
configure:2852: gcc  -c -g -O2  conftest.c >&5
configure:2852: $? = 0
configure:2865: result: none needed
configure:2891: checking whether make sets $(MAKE)
configure:2913: result: yes
configure:2928: checking how to run the C preprocessor
configure:2959: gcc -E  conftest.c
configure:2959: $? = 0
configure:2973: gcc -E  conftest.c
conftest.c:9:28: fatal error: ac_nonexistent.h: No such file or directory
compilation terminated.
configure:2973: $? = 1
configure: failed program was:
| /* confdefs.h */
| #define PACKAGE_NAME ""
| #define PACKAGE_TARNAME ""
| #define PACKAGE_VERSION ""
| #define PACKAGE_STRING ""
| #define PACKAGE_BUGREPORT ""
| #define PACKAGE_URL ""
| /* end confdefs.h.  */
| #include <ac_nonexistent.h>
configure:2998: result: gcc -E
configure:3018: gcc -E  conftest.c
configure:3018: $? = 0
configure:3032: gcc -E  conftest.c
conftest.c:9:28: fatal error: ac_nonexistent.h: No such file or directory
compilation terminated.
configure:3032: $? = 1
configure: failed program was:
| /* confdefs.h */
| #define PACKAGE_NAME ""
| #define PACKAGE_TARNAME ""
| #define PACKAGE_VERSION ""
| #define PACKAGE_STRING ""
| #define PACKAGE_BUGREPORT ""
| #define PACKAGE_URL ""
| /* end confdefs.h.  */
| #include <ac_nonexistent.h>
configure:3061: checking for grep that handles long lines and -e
configure:3119: result: /bin/grep
configure:3124: checking for egrep
configure:3186: result: /bin/grep -E
configure:3191: checking for ANSI C header files
configure:3211: gcc -c -g -O2  conftest.c >&5
configure:3211: $? = 0
configure:3284: gcc -o conftest -g -O2   conftest.c  >&5
configure:3284: $? = 0
configure:3284: ./conftest
configure:3284: $? = 0
configure:3295: result: yes
configure:3546: checking for sys/types.h
configure:3546: gcc -c -g -O2  conftest.c >&5
configure:3546: $? = 0
configure:3546: result: yes
configure:3546: checking for sys/stat.h
configure:3546: gcc -c -g -O2  conftest.c >&5
configure:3546: $? = 0
configure:3546: result: yes
configure:3546: checking for stdlib.h
configure:3546: gcc -c -g -O2  conftest.c >&5
configure:3546: $? = 0
configure:3546: result: yes
configure:3546: checking for string.h
configure:3546: gcc -c -g -O2  conftest.c >&5
configure:3546: $? = 0
configure:3546: result: yes
configure:3546: checking for memory.h
configure:3546: gcc -c -g -O2  conftest.c >&5
configure:3546: $? = 0
configure:3546: result: yes
configure:3546: checking for strings.h
configure:3546: gcc -c -g -O2  conftest.c >&5
configure:3546: $? = 0
configure:3546: result: yes
configure:3546: checking for inttypes.h
configure:3546: gcc -c -g -O2  conftest.c >&5
configure:3546: $? = 0
configure:3546: result: yes
configure:3546: checking for stdint.h
configure:3546: gcc -c -g -O2  conftest.c >&5
configure:3546: $? = 0
configure:3546: result: yes
configure:3546: checking for unistd.h
configure:3546: gcc -c -g -O2  conftest.c >&5
configure:3546: $? = 0
configure:3546: result: yes
configure:3558: checking sys/soundcard.h usability
configure:3558: gcc -c -g -O2  conftest.c >&5
configure:3558: $? = 0
configure:3558: result: yes
configure:3558: checking sys/soundcard.h presence
configure:3558: gcc -E  conftest.c
configure:3558: $? = 0
configure:3558: result: yes
configure:3558: checking for sys/soundcard.h
configure:3558: result: yes
configure:3775: creating ./config.status

## ---------------------- ##
## Running config.status. ##
## ---------------------- ##

This file was extended by config.status, which was
generated by GNU Autoconf 2.69.  Invocation command line was

  CONFIG_FILES    = 
  CONFIG_HEADERS  = 
  CONFIG_LINKS    = 
  CONFIG_COMMANDS = 
  $ ./config.status 

on lifebook

config.status:725: creating Makefile

## ---------------- ##
## Cache variables. ##
## ---------------- ##

ac_cv_c_compiler_gnu=yes
ac_cv_env_CC_set=
ac_cv_env_CC_value=
ac_cv_env_CFLAGS_set=
ac_cv_env_CFLAGS_value=
ac_cv_env_CPPFLAGS_set=
ac_cv_env_CPPFLAGS_value=
ac_cv_env_CPP_set=
ac_cv_env_CPP_value=
ac_cv_env_LDFLAGS_set=
ac_cv_env_LDFLAGS_value=
ac_cv_env_LIBS_set=
ac_cv_env_LIBS_value=
ac_cv_env_build_alias_set=
ac_cv_env_build_alias_value=
ac_cv_env_host_alias_set=
ac_cv_env_host_alias_value=
ac_cv_env_target_alias_set=
ac_cv_env_target_alias_value=
ac_cv_header_inttypes_h=yes
ac_cv_header_memory_h=yes
ac_cv_header_stdc=yes
ac_cv_header_stdint_h=yes
ac_cv_header_stdlib_h=yes
ac_cv_header_string_h=yes
ac_cv_header_strings_h=yes
ac_cv_header_sys_soundcard_h=yes
ac_cv_header_sys_stat_h=yes
ac_cv_header_sys_types_h=yes
ac_cv_header_unistd_h=yes
ac_cv_objext=o
ac_cv_path_EGREP='/bin/grep -E'
ac_cv_path_GREP=/bin/grep
ac_cv_prog_CPP='gcc -E'
ac_cv_prog_ac_ct_CC=gcc
ac_cv_prog_cc_c89=
ac_cv_prog_cc_g=yes
ac_cv_prog_make_make_set=yes

## ----------------- ##
## Output variables. ##
## ----------------- ##

CC='gcc'
CFLAGS='-g -O2'
CPP='gcc -E'
CPPFLAGS=''
DEFS='-DPACKAGE_NAME=\"\" -DPACKAGE_TARNAME=\"\" -DPACKAGE_VERSION=\"\" -DPACKAGE_STRING=\"\" -DPACKAGE_BUGREPORT=\"\" -DPACKAGE_URL=\"\" -DSTDC_HEADERS=1 -DHAVE_SYS_TYPES_H=1 -DHAVE_SYS_STAT_H=1 -DHAVE_STDLIB_H=1 -DHAVE_STRING_H=1 -DHAVE_MEMORY_H=1 -DHAVE_STRINGS_H=1 -DHAVE_INTTYPES_H=1 -DHAVE_STDINT_H=1 -DHAVE_UNISTD_H=1 -DHAVE_OSS=1'
ECHO_C=''
ECHO_N='-n'
ECHO_T=''
EGREP='/bin/grep -E'
EXEEXT=''
GREP='/bin/grep'
LDFLAGS=''
LIBOBJS=''
LIBS=''
LTLIBOBJS=''
OBJEXT='o'
PACKAGE_BUGREPORT=''
PACKAGE_NAME=''
PACKAGE_STRING=''
PACKAGE_TARNAME=''
PACKAGE_URL=''
PACKAGE_VERSION=''
PATH_SEPARATOR=':'
SET_MAKE=''
SHELL='/bin/sh'
VERSION='0.0.1'
ac_ct_CC='gcc'
bindir='${exec_prefix}/bin'
build_alias=''
datadir='${datarootdir}'
datarootdir='${prefix}/share'
docdir='${datarootdir}/doc/${PACKAGE}'
dvidir='${docdir}'
exec_prefix='${prefix}'
host_alias=''
htmldir='${docdir}'
includedir='${prefix}/include'
infodir='${datarootdir}/info'
libdir='${exec_prefix}/lib'
libexecdir='${exec_prefix}/libexec'
localedir='${datarootdir}/locale'
localstatedir='${prefix}/var'
mandir='${datarootdir}/man'
oldincludedir='/usr/include'
pdfdir='${docdir}'
prefix='/usr/local'
program_transform_name='s,x,x,'
psdir='${docdir}'
sbindir='${exec_prefix}/sbin'
sharedstatedir='${prefix}/com'
sysconfdir='${prefix}/etc'
target_alias=''

## ----------- ##
## confdefs.h. ##
## ----------- ##

/* confdefs.h */
#define PACKAGE_NAME ""
#define PACKAGE_TARNAME ""
#define PACKAGE_VERSION ""
#define PACKAGE_STRING ""
#define PACKAGE_BUGREPORT ""
#define PACKAGE_URL ""
#define STDC_HEADERS 1
#define HAVE_SYS_TYPES_H 1
#define HAVE_SYS_STAT_H 1
#define HAVE_STDLIB_H 1
#define HAVE_STRING_H 1
#define HAVE_MEMORY_H 1
#define HAVE_STRINGS_H 1
#define HAVE_INTTYPES_H 1
#define HAVE_STDINT_H 1
#define HAVE_UNISTD_H 1
#define HAVE_OSS 1

configure: exit 0
